\BOOKMARK [1][-]{section.1}{\376\377\000I\000n\000t\000r\000o\000d\000u\000z\000i\000o\000n\000e}{}% 1
\BOOKMARK [1][-]{section.2}{\376\377\000U\000n\000\040\000s\000i\000s\000t\000e\000m\000a\000\040\000c\000o\000m\000p\000u\000t\000e\000r\000i\000z\000z\000a\000t\000o}{}% 2
\BOOKMARK [2][-]{subsection.2.1}{\376\377\000A\000r\000c\000h\000i\000t\000e\000t\000t\000u\000r\000a\000\040\000d\000i\000\040\000u\000n\000\040\000c\000o\000m\000p\000u\000t\000e\000r}{section.2}% 3
\BOOKMARK [2][-]{subsection.2.2}{\376\377\000M\000e\000m\000o\000r\000i\000a}{section.2}% 4
\BOOKMARK [2][-]{subsection.2.3}{\376\377\000B\000u\000s\000\040\000d\000i\000\040\000s\000i\000s\000t\000e\000m\000a}{section.2}% 5
\BOOKMARK [2][-]{subsection.2.4}{\376\377\000d\000i\000s\000p\000o\000s\000i\000t\000i\000v\000i\000\040\000I\000/\000O}{section.2}% 6
\BOOKMARK [2][-]{subsection.2.5}{\376\377\000r\000e\000g\000i\000s\000t\000r\000i}{section.2}% 7
\BOOKMARK [2][-]{subsection.2.6}{\376\377\000g\000e\000s\000t\000i\000o\000n\000e\000\040\000I\000/\000O}{section.2}% 8
\BOOKMARK [2][-]{subsection.2.7}{\376\377\000S\000e\000r\000v\000i\000z\000i\000\040\000d\000e\000l\000\040\000S\000i\000s\000t\000e\000m\000a\000\040\000O\000p\000e\000r\000a\000t\000i\000v\000o}{section.2}% 9
\BOOKMARK [3][-]{subsubsection.2.7.1}{\376\377\000K\000e\000r\000n\000e\000l\000/\000U\000s\000e\000r\000\040\000M\000o\000d\000e}{subsection.2.7}% 10
\BOOKMARK [3][-]{subsubsection.2.7.2}{\376\377\000s\000y\000s\000t\000e\000m\000\040\000c\000a\000l\000l\000s}{subsection.2.7}% 11
\BOOKMARK [1][-]{section.3}{\376\377\000G\000e\000s\000t\000i\000o\000n\000e\000\040\000d\000e\000i\000\040\000p\000r\000o\000c\000e\000s\000s\000i}{}% 12
\BOOKMARK [2][-]{subsection.3.1}{\376\377\000P\000r\000o\000c\000e\000s\000s\000\040\000C\000o\000n\000t\000r\000o\000l\000\040\000B\000l\000o\000c\000k}{section.3}% 13
\BOOKMARK [2][-]{subsection.3.2}{\376\377\000P\000r\000o\000c\000e\000s\000s\000o\000\040\000p\000a\000d\000r\000e\000\040\000e\000\040\000f\000i\000g\000l\000i\000o}{section.3}% 14
\BOOKMARK [3][-]{subsubsection.3.2.1}{\376\377\000C\000r\000e\000a\000z\000i\000o\000n\000e\000\040\000d\000i\000\040\000u\000n\000\040\000p\000r\000o\000c\000e\000s\000s\000o}{subsection.3.2}% 15
\BOOKMARK [3][-]{subsubsection.3.2.2}{\376\377\000T\000e\000r\000m\000i\000n\000a\000z\000i\000o\000n\000e\000\040\000d\000i\000\040\000u\000n\000\040\000p\000r\000o\000c\000e\000s\000s\000o}{subsection.3.2}% 16
\BOOKMARK [2][-]{subsection.3.3}{\376\377\000C\000o\000m\000u\000n\000i\000c\000a\000z\000i\000o\000n\000e\000\040\000t\000r\000a\000\040\000p\000r\000o\000c\000e\000s\000s\000i}{section.3}% 17
\BOOKMARK [2][-]{subsection.3.4}{\376\377\000S\000c\000h\000e\000d\000u\000l\000i\000n\000g}{section.3}% 18
\BOOKMARK [3][-]{subsubsection.3.4.1}{\376\377\000P\000r\000o\000c\000e\000s\000s\000\040\000s\000c\000h\000e\000d\000u\000l\000i\000n\000g}{subsection.3.4}% 19
\BOOKMARK [2][-]{subsection.3.5}{\376\377\000C\000P\000U\000\040\000S\000c\000h\000e\000d\000u\000l\000e\000r}{section.3}% 20
\BOOKMARK [3][-]{subsubsection.3.5.1}{\376\377\000t\000e\000m\000p\000o\000\040\000d\000e\000l\000l\000o\000\040\000s\000c\000h\000e\000d\000u\000l\000e}{subsection.3.5}% 21
